\BOOKMARK [-1][]{title.-1}{\376\377\116\055\145\207\150\007\230\230}{}% 1
\BOOKMARK [0][]{chapter*.1}{\376\377\144\130\211\201}{title.-1}% 2
\BOOKMARK [0][]{chapter*.2}{\376\377\000A\000B\000S\000T\000R\000A\000C\000T}{title.-1}% 3
\BOOKMARK [0][]{chapter*.3}{\376\377\166\356\137\125}{title.-1}% 4
\BOOKMARK [0][]{section*.4}{\376\377\210\150\150\074\175\042\137\025}{title.-1}% 5
\BOOKMARK [0][]{section*.6}{\376\377\143\322\126\376\175\042\137\025}{title.-1}% 6
\BOOKMARK [0][]{chapter.1}{\376\377\173\054\116\000\172\340\000\040\000\040\176\352\213\272}{title.-1}% 7
\BOOKMARK [1][]{section.1.1}{\376\377\0001\000.\0001\000\040\116\055\137\256\133\120\173\200\116\313}{chapter.1}% 8
\BOOKMARK [2][]{subsection.1.1.1}{\376\377\0001\000.\0001\000.\0001\000\040\116\055\137\256\133\120\166\204\143\320\121\372}{section.1.1}% 9
\BOOKMARK [2][]{subsection.1.1.2}{\376\377\0001\000.\0001\000.\0002\000\040\150\007\121\306\152\041\127\213\116\055\166\204\116\055\137\256\133\120}{section.1.1}% 10
\BOOKMARK [1][]{section.1.2}{\376\377\0001\000.\0002\000\040\116\055\137\256\133\120\143\057\203\141}{chapter.1}% 11
\BOOKMARK [1][]{section.1.3}{\376\377\0001\000.\0003\000\040\116\055\137\256\133\120\133\236\232\214}{chapter.1}% 12
\BOOKMARK [1][]{section.1.4}{\376\377\0001\000.\0004\000\040\213\272\145\207\172\313\141\017\116\345\123\312\176\323\147\204}{chapter.1}% 13
\BOOKMARK [0][]{appendix.A}{\376\377\226\104\137\125\000\040\000A\000\040\000\040\116\055\126\375\171\321\133\146\142\200\147\057\131\047\133\146\170\024\172\166\165\037\133\146\117\115\213\272\145\207\144\260\121\231\211\304\203\003}{title.-1}% 14
\BOOKMARK [1][]{section.A.1}{\376\377\000A\000.\0001\000\040\121\205\133\271\211\201\154\102}{appendix.A}% 15
\BOOKMARK [2][]{subsection.A.1.1}{\376\377\000A\000.\0001\000.\0001\000\040\134\001\227\142}{section.A.1}% 16
\BOOKMARK [2][]{subsection.A.1.2}{\376\377\000A\000.\0001\000.\0002\000\040\116\055\126\375\171\321\133\146\142\200\147\057\131\047\133\146\133\146\117\115\213\272\145\207\123\237\122\033\140\047\124\214\143\210\147\103\117\177\165\050\130\360\146\016}{section.A.1}% 17
\BOOKMARK [2][]{subsection.A.1.3}{\376\377\000A\000.\0001\000.\0003\000\040\144\130\211\201\124\214\121\163\225\056\213\315}{section.A.1}% 18
\BOOKMARK [2][]{subsection.A.1.4}{\376\377\000A\000.\0001\000.\0004\000\040\166\356\137\125}{section.A.1}% 19
\BOOKMARK [2][]{subsection.A.1.5}{\376\377\000A\000.\0001\000.\0005\000\040\173\046\123\367\213\364\146\016}{section.A.1}% 20
\BOOKMARK [2][]{subsection.A.1.6}{\376\377\000A\000.\0001\000.\0006\000\040\153\143\145\207}{section.A.1}% 21
\BOOKMARK [2][]{subsection.A.1.7}{\376\377\000A\000.\0001\000.\0007\000\040\123\302\200\003\145\207\163\056}{section.A.1}% 22
\BOOKMARK [2][]{subsection.A.1.8}{\376\377\000A\000.\0001\000.\0008\000\040\226\104\137\125}{section.A.1}% 23
\BOOKMARK [2][]{subsection.A.1.9}{\376\377\000A\000.\0001\000.\0009\000\040\201\364\214\042}{section.A.1}% 24
\BOOKMARK [2][]{subsection.A.1.10}{\376\377\000A\000.\0001\000.\0001\0000\000\040\127\050\213\373\147\037\225\364\123\321\210\150\166\204\133\146\147\057\213\272\145\207\116\016\123\326\137\227\166\204\121\166\116\326\170\024\172\166\142\020\147\234}{section.A.1}% 25
\BOOKMARK [1][]{section.A.2}{\376\377\000A\000.\0002\000\040\116\146\121\231\211\304\133\232}{appendix.A}% 26
\BOOKMARK [2][]{subsection.A.2.1}{\376\377\000A\000.\0002\000.\0001\000\040\213\272\145\207\166\204\133\127\145\160\211\201\154\102}{section.A.2}% 27
\BOOKMARK [2][]{subsection.A.2.2}{\376\377\000A\000.\0002\000.\0002\000\040\145\207\133\127\060\001\150\007\160\271\173\046\123\367\124\214\145\160\133\127}{section.A.2}% 28
\BOOKMARK [2][]{subsection.A.2.3}{\376\377\000A\000.\0002\000.\0003\000\040\134\001\227\142\116\016\142\111\230\165}{section.A.2}% 29
\BOOKMARK [2][]{subsection.A.2.4}{\376\377\000A\000.\0002\000.\0004\000\040\166\356\137\125}{section.A.2}% 30
\BOOKMARK [2][]{subsection.A.2.5}{\376\377\000A\000.\0002\000.\0005\000\040\144\130\211\201\116\016\121\163\225\056\213\315}{section.A.2}% 31
\BOOKMARK [2][]{subsection.A.2.6}{\376\377\000A\000.\0002\000.\0006\000\040\213\272\145\207\153\143\145\207}{section.A.2}% 32
\BOOKMARK [2][]{subsection.A.2.7}{\376\377\000A\000.\0002\000.\0007\000\040\123\302\200\003\145\207\163\056}{section.A.2}% 33
\BOOKMARK [1][]{section.A.3}{\376\377\000A\000.\0003\000\040\143\222\162\110\124\214\123\160\122\067\211\201\154\102}{appendix.A}% 34
\BOOKMARK [0][]{appendix.B}{\376\377\226\104\137\125\000\040\000B\000\040\000\040\121\163\116\216\211\304\203\003\147\054\171\321\153\325\116\032\213\272\145\207\377\010\213\276\213\241\377\011\150\074\137\017\124\214\176\337\116\000\134\001\227\142\166\204\220\032\167\345}{title.-1}% 35
\BOOKMARK [0][]{appendix*.13}{\376\377\123\302\200\003\145\207\163\056}{title.-1}% 36
\BOOKMARK [0][]{appendix*.14}{\376\377\127\050\213\373\147\037\225\364\123\321\210\150\166\204\133\146\147\057\213\272\145\207\116\016\123\326\137\227\166\204\170\024\172\166\142\020\147\234}{title.-1}% 37
\BOOKMARK [0][]{appendix*.15}{\376\377\201\364\214\042}{title.-1}% 38
\BOOKMARK [0][]{appendix*.16}{\376\377\116\055\134\161\131\047\133\146\133\146\117\115\213\272\145\207\162\110\147\103\117\177\165\050\143\210\147\103\116\146}{title.-1}% 39
